# https://raw.githubusercontent.com/1andrevich/Re-filter-lists/refs/heads/main/community.lst

ifconfig.co
devexpress.com
rutracker.org
grokusercontent.com
iherb.com
docs.rocket.chat
stackblitz.com
vecpea.com
vite.dev
em.bjedu.tech
temp-mail.lu-la.workers.dev
pdanet.co
ipleak.net
www.dnsleaktest.com
www.cloudflare.com
youtube.vulpine.email
t.me
tg.dev
tg.org
tx.me
teleg.xyz
telegram.ai
telegram.asia
telegram.biz
telegram.cloud
telegram.cn
telegram.co
telegram.com
telegram.de
telegram.dev
telegram.dog
telegram.eu
telegram.fr
telegram.host
telegram.in
telegram.info
telegram.io
telegram.jp
telegram.me
telegram.net
telegram.org
telegram.qa
telegram.ru
telegram.services
telegram.solutions
telegram.space
telegram.team
telegram.tech
telegram.uk
telegram.us
telegram.website
telegram.xyz
telegramapp.org
telegra.ph
telesco.pe
nicegram.app
telegramdownload.com
cdn-telegram.org
comments.app
contest.com
fragment.com
graph.org
quiz.directory
tdesktop.com
telega.one
telegram-cdn.org
usercontent.dev
tgram.org
torg.org
